2016-04-22 09:41:53:731 - info: Welcome to Appium v1.4.13 (REV c75d8adcb66a75818a542fe1891a34260c21f76a)
2016-04-22 09:41:53:733 - info: Appium REST http interface listener started on 127.0.0.1:4723
2016-04-22 09:41:53:736 - info: [debug] Non-default server args: {"address":"127.0.0.1","sessionOverride":true,"noReset":true,"launchTimeout":"100000","log":"/Users/rpalacios/IdeaProjects/mobile-automation/logs/appium.log","localTimezone":true,"nativeInstrumentsLib":true,"showIOSLog":true,"defaultCommandTimeout":7200,"debugLogSpacing":true}
2016-04-22 09:41:53:736 - info: Console LogLevel: debug
2016-04-22 09:41:53:736 - info: File LogLevel: debug
2016-04-22 09:41:54:455 - info: --> GET /wd/hub/status {}
2016-04-22 09:41:54:456 - info: [debug] Responding to client with success: {"status":0,"value":{"build":{"version":"1.4.13","revision":"c75d8adcb66a75818a542fe1891a34260c21f76a"}}}
2016-04-22 09:41:54:465 - info: <-- GET /wd/hub/status 200 9.782 ms - 105 {"status":0,"value":{"build":{"version":"1.4.13","revision":"c75d8adcb66a75818a542fe1891a34260c21f76a"}}}
2016-04-22 09:41:54:924 - info: --> GET /wd/hub/status {}
2016-04-22 09:41:54:925 - info: [debug] Responding to client with success: {"status":0,"value":{"build":{"version":"1.4.13","revision":"c75d8adcb66a75818a542fe1891a34260c21f76a"}}}
2016-04-22 09:41:54:927 - info: <-- GET /wd/hub/status 200 3.810 ms - 105 {"status":0,"value":{"build":{"version":"1.4.13","revision":"c75d8adcb66a75818a542fe1891a34260c21f76a"}}}
2016-04-22 09:41:55:945 - info: --> POST /wd/hub/session {"desiredCapabilities":{"app":"/Users/rpalacios/IdeaProjects/mobile-automation/AndroidApps/DEV_BUILD_TESTING_4_MA-739.apk","appActivity":"com.businessinsider.app.MainActivity","appium-version":"1.0","platformVersion":"5.1","platformName":"Android","deviceName":"Android Emulator","avd":"Nexus_S_API_19"}}
2016-04-22 09:41:55:946 - info: Client User-Agent string: Apache-HttpClient/4.3.3 (java 1.5)
2016-04-22 09:41:55:947 - info: *************************************
2016-04-22 09:41:55:947 - info: *************************************
2016-04-22 09:41:55:948 - info: *************************************
2016-04-22 09:41:55:948 - info: *************************************
2016-04-22 09:41:55:948 - info: *************************************
2016-04-22 09:41:55:948 - info: *************************************
2016-04-22 09:41:55:949 - info: *************************************
2016-04-22 09:41:55:949 - info: *************************************
2016-04-22 09:41:55:949 - info: ****        NEW SESSION           ***
2016-04-22 09:41:55:949 - info: ****        NEW SESSION           ***
2016-04-22 09:41:55:950 - info: ****        NEW SESSION           ***
2016-04-22 09:41:55:950 - info: ****        NEW SESSION           ***
2016-04-22 09:41:55:950 - info: ****        NEW SESSION           ***
2016-04-22 09:41:55:950 - info: ****        NEW SESSION           ***
2016-04-22 09:41:55:950 - info: ****        NEW SESSION           ***
2016-04-22 09:41:55:957 - info: ****        NEW SESSION           ***
2016-04-22 09:41:55:957 - info: *************************************
2016-04-22 09:41:55:958 - info: *************************************
2016-04-22 09:41:55:959 - info: *************************************
2016-04-22 09:41:55:959 - info: *************************************
2016-04-22 09:41:55:959 - info: *************************************
2016-04-22 09:41:55:959 - info: *************************************
2016-04-22 09:41:55:959 - info: *************************************
2016-04-22 09:41:55:959 - info: *************************************
2016-04-22 09:41:55:960 - info: [debug] The following desired capabilities were provided, but not recognized by appium. They will be passed on to any other services running on this server. : appium-version
2016-04-22 09:41:55:963 - info: [debug] No appPackage desired capability or server param. Parsing from apk.
2016-04-22 09:41:55:963 - info: [debug] Using local app from desired caps: /Users/rpalacios/IdeaProjects/mobile-automation/AndroidApps/DEV_BUILD_TESTING_4_MA-739.apk
2016-04-22 09:41:55:964 - info: [debug] Creating new appium session 4f31fab7-dd2d-45f2-9ccf-f5fd5fce39f1
2016-04-22 09:41:55:965 - info: Starting android appium
2016-04-22 09:41:55:966 - info: [debug] Getting Java version
2016-04-22 09:41:56:107 - info: Java version is: 1.8.0_66
2016-04-22 09:41:56:108 - info: [debug] Checking whether adb is present
2016-04-22 09:41:56:114 - info: [debug] Using adb from /Users/rpalacios/Library/Android/sdk/platform-tools/adb
2016-04-22 09:41:56:115 - info: [debug] Parsing package and activity from app manifest
2016-04-22 09:41:56:116 - info: [debug] Checking whether aapt is present
2016-04-22 09:41:56:118 - info: [debug] Using aapt from /Users/rpalacios/Library/Android/sdk/build-tools/23.0.2/aapt
2016-04-22 09:41:56:119 - info: [debug] Extracting package and launch activity from manifest.
2016-04-22 09:41:56:120 - info: [debug] executing cmd: /Users/rpalacios/Library/Android/sdk/build-tools/23.0.2/aapt dump badging /Users/rpalacios/IdeaProjects/mobile-automation/AndroidApps/DEV_BUILD_TESTING_4_MA-739.apk
2016-04-22 09:41:56:159 - info: [debug] badging package: com.freerange360.mpp.businessinsider
2016-04-22 09:41:56:159 - info: [debug] badging act: com.businessinsider.app.MainActivity
2016-04-22 09:41:56:160 - info: [debug] Parsed package and activity are: com.freerange360.mpp.businessinsider/com.businessinsider.app.MainActivity
2016-04-22 09:41:56:160 - info: [debug] Using fast reset? false
2016-04-22 09:41:56:160 - info: [debug] Preparing device for session
2016-04-22 09:41:56:160 - info: [debug] Checking whether app is actually present
2016-04-22 09:41:56:161 - info: [debug] Trying to find Nexus_S_API_19 emulator
2016-04-22 09:41:56:161 - info: [debug] Getting connected emulators
2016-04-22 09:41:56:161 - info: [debug] Getting connected devices...
2016-04-22 09:41:56:162 - info: [debug] executing cmd: /Users/rpalacios/Library/Android/sdk/platform-tools/adb devices
2016-04-22 09:41:59:260 - info: [debug] 0 device(s) connected
2016-04-22 09:41:59:261 - info: [debug] 0 emulator(s) connected
2016-04-22 09:41:59:261 - info: [debug] Launching Emulator with AVD Nexus_S_API_19, launchTimeout 120000ms and readyTimeout 120000ms
2016-04-22 09:41:59:263 - info: [debug] Checking whether emulator is present
2016-04-22 09:41:59:265 - info: [debug] Using emulator from /Users/rpalacios/Library/Android/sdk/tools/emulator
2016-04-22 09:41:59:298 - info: [debug] Trying to find Nexus_S_API_19 emulator
2016-04-22 09:41:59:298 - info: [debug] Getting connected emulators
2016-04-22 09:41:59:299 - info: [debug] Getting connected devices...
2016-04-22 09:41:59:300 - info: [debug] executing cmd: /Users/rpalacios/Library/Android/sdk/platform-tools/adb devices
2016-04-22 09:41:59:325 - info: [debug] 0 device(s) connected
2016-04-22 09:41:59:325 - info: [debug] 0 emulator(s) connected
2016-04-22 09:42:01:329 - info: [debug] Trying to find Nexus_S_API_19 emulator
2016-04-22 09:42:01:329 - info: [debug] Getting connected emulators
2016-04-22 09:42:01:329 - info: [debug] Getting connected devices...
2016-04-22 09:42:01:330 - info: [debug] executing cmd: /Users/rpalacios/Library/Android/sdk/platform-tools/adb devices
2016-04-22 09:42:01:365 - info: [debug] 0 device(s) connected
2016-04-22 09:42:01:365 - info: [debug] 0 emulator(s) connected
2016-04-22 09:42:03:369 - info: [debug] Trying to find Nexus_S_API_19 emulator
2016-04-22 09:42:03:370 - info: [debug] Getting connected emulators
2016-04-22 09:42:03:370 - info: [debug] Getting connected devices...
2016-04-22 09:42:03:371 - info: [debug] executing cmd: /Users/rpalacios/Library/Android/sdk/platform-tools/adb devices
2016-04-22 09:42:03:396 - info: [debug] 0 device(s) connected
2016-04-22 09:42:03:396 - info: [debug] 0 emulator(s) connected
2016-04-22 09:42:05:400 - info: [debug] Trying to find Nexus_S_API_19 emulator
2016-04-22 09:42:05:400 - info: [debug] Getting connected emulators
2016-04-22 09:42:05:400 - info: [debug] Getting connected devices...
2016-04-22 09:42:05:401 - info: [debug] executing cmd: /Users/rpalacios/Library/Android/sdk/platform-tools/adb devices
2016-04-22 09:42:05:424 - info: [debug] 0 device(s) connected
2016-04-22 09:42:05:424 - info: [debug] 0 emulator(s) connected
2016-04-22 09:42:07:430 - info: [debug] Trying to find Nexus_S_API_19 emulator
2016-04-22 09:42:07:430 - info: [debug] Getting connected emulators
2016-04-22 09:42:07:430 - info: [debug] Getting connected devices...
2016-04-22 09:42:07:431 - info: [debug] executing cmd: /Users/rpalacios/Library/Android/sdk/platform-tools/adb devices
2016-04-22 09:42:07:456 - info: [debug] 0 device(s) connected
2016-04-22 09:42:07:456 - info: [debug] 0 emulator(s) connected
2016-04-22 09:42:09:461 - info: [debug] Trying to find Nexus_S_API_19 emulator
2016-04-22 09:42:09:461 - info: [debug] Getting connected emulators
2016-04-22 09:42:09:461 - info: [debug] Getting connected devices...
2016-04-22 09:42:09:462 - info: [debug] executing cmd: /Users/rpalacios/Library/Android/sdk/platform-tools/adb devices
2016-04-22 09:42:09:485 - info: [debug] 0 device(s) connected
2016-04-22 09:42:09:485 - info: [debug] 0 emulator(s) connected
2016-04-22 09:42:11:486 - info: [debug] Trying to find Nexus_S_API_19 emulator
2016-04-22 09:42:11:486 - info: [debug] Getting connected emulators
2016-04-22 09:42:11:486 - info: [debug] Getting connected devices...
2016-04-22 09:42:11:487 - info: [debug] executing cmd: /Users/rpalacios/Library/Android/sdk/platform-tools/adb devices
2016-04-22 09:42:11:512 - info: [debug] 0 device(s) connected
2016-04-22 09:42:11:512 - info: [debug] 0 emulator(s) connected
2016-04-22 09:42:13:517 - info: [debug] Trying to find Nexus_S_API_19 emulator
2016-04-22 09:42:13:518 - info: [debug] Getting connected emulators
2016-04-22 09:42:13:518 - info: [debug] Getting connected devices...
2016-04-22 09:42:13:518 - info: [debug] executing cmd: /Users/rpalacios/Library/Android/sdk/platform-tools/adb devices
2016-04-22 09:42:13:562 - info: [debug] 0 device(s) connected
2016-04-22 09:42:13:562 - info: [debug] 0 emulator(s) connected
2016-04-22 09:42:15:568 - info: [debug] Trying to find Nexus_S_API_19 emulator
2016-04-22 09:42:15:568 - info: [debug] Getting connected emulators
2016-04-22 09:42:15:569 - info: [debug] Getting connected devices...
2016-04-22 09:42:15:569 - info: [debug] executing cmd: /Users/rpalacios/Library/Android/sdk/platform-tools/adb devices
2016-04-22 09:42:15:611 - info: [debug] 0 device(s) connected
2016-04-22 09:42:15:611 - info: [debug] 0 emulator(s) connected
2016-04-22 09:42:17:617 - info: [debug] Trying to find Nexus_S_API_19 emulator
2016-04-22 09:42:17:618 - info: [debug] Getting connected emulators
2016-04-22 09:42:17:618 - info: [debug] Getting connected devices...
2016-04-22 09:42:17:618 - info: [debug] executing cmd: /Users/rpalacios/Library/Android/sdk/platform-tools/adb devices
2016-04-22 09:42:17:654 - info: [debug] 0 device(s) connected
2016-04-22 09:42:17:657 - info: [debug] 0 emulator(s) connected
2016-04-22 09:42:19:661 - info: [debug] Trying to find Nexus_S_API_19 emulator
2016-04-22 09:42:19:662 - info: [debug] Getting connected emulators
2016-04-22 09:42:19:662 - info: [debug] Getting connected devices...
2016-04-22 09:42:19:663 - info: [debug] executing cmd: /Users/rpalacios/Library/Android/sdk/platform-tools/adb devices
2016-04-22 09:42:19:688 - info: [debug] 0 device(s) connected
2016-04-22 09:42:19:688 - info: [debug] 0 emulator(s) connected
2016-04-22 09:42:21:692 - info: [debug] Trying to find Nexus_S_API_19 emulator
2016-04-22 09:42:21:693 - info: [debug] Getting connected emulators
2016-04-22 09:42:21:693 - info: [debug] Getting connected devices...
2016-04-22 09:42:21:693 - info: [debug] executing cmd: /Users/rpalacios/Library/Android/sdk/platform-tools/adb devices
2016-04-22 09:42:21:716 - info: [debug] 1 device(s) connected
2016-04-22 09:42:21:717 - info: [debug] 1 emulator(s) connected
2016-04-22 09:42:21:717 - info: [debug] Sending telnet command to device: avd name
2016-04-22 09:42:21:717 - info: [debug] Getting running emulator port
2016-04-22 09:42:21:722 - info: [debug] Socket connection to device created
2016-04-22 09:42:21:722 - info: [debug] Socket connection to device ready
2016-04-22 09:42:21:723 - info: [debug] Telnet command got response: Nexus_S_API_19
2016-04-22 09:42:21:724 - info: [debug] Found emulator Nexus_S_API_19 in port 5554
2016-04-22 09:42:21:724 - info: [debug] Setting device id to emulator-5554
2016-04-22 09:42:21:725 - info: [debug] Waiting until emulator is ready
2016-04-22 09:42:21:726 - info: [debug] executing cmd: /Users/rpalacios/Library/Android/sdk/platform-tools/adb -s emulator-5554 shell "getprop init.svc.bootanim"
2016-04-22 09:42:21:756 - info: [debug] Waiting for device to be ready and to respond to shell commands (timeout = 5)
2016-04-22 09:42:21:757 - info: [debug] executing cmd: /Users/rpalacios/Library/Android/sdk/platform-tools/adb -s emulator-5554 wait-for-device
2016-04-22 09:42:21:780 - info: [debug] executing cmd: /Users/rpalacios/Library/Android/sdk/platform-tools/adb -s emulator-5554 shell "echo 'ready'"
2016-04-22 09:42:21:807 - info: [debug] Starting logcat capture
2016-04-22 09:42:21:831 - info: [debug] Getting device API level
2016-04-22 09:42:21:831 - info: [debug] executing cmd: /Users/rpalacios/Library/Android/sdk/platform-tools/adb -s emulator-5554 shell "getprop ro.build.version.sdk"
2016-04-22 09:42:21:878 - info: [debug] Device is at API Level 19
2016-04-22 09:42:21:878 - info: Device API level is: 19
2016-04-22 09:42:21:879 - info: [debug] Extracting strings for language: default
2016-04-22 09:42:21:879 - info: [debug] executing cmd: /Users/rpalacios/Library/Android/sdk/platform-tools/adb -s emulator-5554 shell "getprop persist.sys.language"
2016-04-22 09:42:21:910 - info: [debug] Current device persist.sys.language: en
2016-04-22 09:42:21:910 - info: [debug] java -jar "/Applications/Appium.app/Contents/Resources/node_modules/appium/submodules/appium-adb/jars/appium_apk_tools.jar" "stringsFromApk" "/Users/rpalacios/IdeaProjects/mobile-automation/AndroidApps/DEV_BUILD_TESTING_4_MA-739.apk" "/tmp/com.freerange360.mpp.businessinsider" en
2016-04-22 09:42:22:726 - info: [debug] No strings.xml for language 'en', getting default strings.xml
2016-04-22 09:42:22:726 - info: [debug] java -jar "/Applications/Appium.app/Contents/Resources/node_modules/appium/submodules/appium-adb/jars/appium_apk_tools.jar" "stringsFromApk" "/Users/rpalacios/IdeaProjects/mobile-automation/AndroidApps/DEV_BUILD_TESTING_4_MA-739.apk" "/tmp/com.freerange360.mpp.businessinsider"
2016-04-22 09:42:23:242 - info: [debug] Reading strings from converted strings.json
2016-04-22 09:42:23:246 - info: [debug] Setting language to default
2016-04-22 09:42:23:247 - info: [debug] executing cmd: /Users/rpalacios/Library/Android/sdk/platform-tools/adb -s emulator-5554 push "/tmp/com.freerange360.mpp.businessinsider/strings.json" /data/local/tmp
2016-04-22 09:42:23:286 - info: [debug] Checking whether aapt is present
2016-04-22 09:42:23:287 - info: [debug] Using aapt from /Users/rpalacios/Library/Android/sdk/build-tools/23.0.2/aapt
2016-04-22 09:42:23:287 - info: [debug] Retrieving process from manifest.
2016-04-22 09:42:23:287 - info: [debug] executing cmd: /Users/rpalacios/Library/Android/sdk/build-tools/23.0.2/aapt dump xmltree /Users/rpalacios/IdeaProjects/mobile-automation/AndroidApps/DEV_BUILD_TESTING_4_MA-739.apk AndroidManifest.xml
2016-04-22 09:42:23:297 - info: [debug] Set app process to: com.freerange360.mpp.businessinsider
2016-04-22 09:42:23:297 - info: [debug] Not uninstalling app since server not started with --full-reset
2016-04-22 09:42:23:298 - info: [debug] Checking app cert for /Users/rpalacios/IdeaProjects/mobile-automation/AndroidApps/DEV_BUILD_TESTING_4_MA-739.apk.
2016-04-22 09:42:23:298 - info: [debug] executing cmd: java -jar /Applications/Appium.app/Contents/Resources/node_modules/appium/submodules/appium-adb/jars/verify.jar /Users/rpalacios/IdeaProjects/mobile-automation/AndroidApps/DEV_BUILD_TESTING_4_MA-739.apk
2016-04-22 09:42:23:891 - info: [debug] App already signed.
2016-04-22 09:42:23:892 - info: [debug] Zip-aligning /Users/rpalacios/IdeaProjects/mobile-automation/AndroidApps/DEV_BUILD_TESTING_4_MA-739.apk
2016-04-22 09:42:23:892 - info: [debug] Checking whether zipalign is present
2016-04-22 09:42:23:893 - info: [debug] Using zipalign from /Users/rpalacios/Library/Android/sdk/build-tools/23.0.2/zipalign
2016-04-22 09:42:23:895 - info: [debug] Zip-aligning apk.
2016-04-22 09:42:23:895 - info: [debug] executing cmd: /Users/rpalacios/Library/Android/sdk/build-tools/23.0.2/zipalign -f 4 /Users/rpalacios/IdeaProjects/mobile-automation/AndroidApps/DEV_BUILD_TESTING_4_MA-739.apk /var/folders/0h/2trx149s6ms0cx8sk1k6n3fw0000gn/T/116322-1760-10fuour/appium.tmp
2016-04-22 09:42:23:998 - info: [debug] MD5 for app is f2adeeed3a1afde6af1c056f5c6474a8
2016-04-22 09:42:23:998 - info: [debug] executing cmd: /Users/rpalacios/Library/Android/sdk/platform-tools/adb -s emulator-5554 shell "ls /data/local/tmp/f2adeeed3a1afde6af1c056f5c6474a8.apk"
2016-04-22 09:42:24:026 - info: [debug] Getting install status for com.freerange360.mpp.businessinsider
2016-04-22 09:42:24:026 - info: [debug] Getting device API level
2016-04-22 09:42:24:026 - info: [debug] executing cmd: /Users/rpalacios/Library/Android/sdk/platform-tools/adb -s emulator-5554 shell "getprop ro.build.version.sdk"
2016-04-22 09:42:24:054 - info: [debug] Device is at API Level 19
2016-04-22 09:42:24:054 - info: [debug] executing cmd: /Users/rpalacios/Library/Android/sdk/platform-tools/adb -s emulator-5554 shell "pm list packages -3 com.freerange360.mpp.businessinsider"
2016-04-22 09:42:24:405 - info: [debug] App is installed
2016-04-22 09:42:24:406 - info: [debug] Forwarding system:4724 to device:4724
2016-04-22 09:42:24:406 - info: [debug] executing cmd: /Users/rpalacios/Library/Android/sdk/platform-tools/adb -s emulator-5554 forward tcp:4724 tcp:4724
2016-04-22 09:42:24:445 - info: [debug] Pushing appium bootstrap to device...
2016-04-22 09:42:24:447 - info: [debug] executing cmd: /Users/rpalacios/Library/Android/sdk/platform-tools/adb -s emulator-5554 push "/Applications/Appium.app/Contents/Resources/node_modules/appium/build/android_bootstrap/AppiumBootstrap.jar" /data/local/tmp/
2016-04-22 09:42:24:559 - info: [debug] Pushing settings apk to device...
2016-04-22 09:42:24:561 - info: [debug] executing cmd: /Users/rpalacios/Library/Android/sdk/platform-tools/adb -s emulator-5554 install "/Applications/Appium.app/Contents/Resources/node_modules/appium/build/settings_apk/settings_apk-debug.apk"
2016-04-22 09:42:25:101 - info: [debug] Pushing unlock helper app to device...
2016-04-22 09:42:25:102 - info: [debug] executing cmd: /Users/rpalacios/Library/Android/sdk/platform-tools/adb -s emulator-5554 install "/Applications/Appium.app/Contents/Resources/node_modules/appium/build/unlock_apk/unlock_apk-debug.apk"
2016-04-22 09:42:25:668 - info: Starting App
2016-04-22 09:42:25:669 - info: [debug] Attempting to kill all 'uiautomator' processes
2016-04-22 09:42:25:670 - info: [debug] Getting all processes with 'uiautomator'
2016-04-22 09:42:25:671 - info: [debug] executing cmd: /Users/rpalacios/Library/Android/sdk/platform-tools/adb -s emulator-5554 shell "ps 'uiautomator'"
2016-04-22 09:42:25:705 - info: [debug] No matching processes found
2016-04-22 09:42:25:705 - info: [debug] Running bootstrap
2016-04-22 09:42:25:706 - info: [debug] spawning: /Users/rpalacios/Library/Android/sdk/platform-tools/adb -s emulator-5554 shell uiautomator runtest AppiumBootstrap.jar -c io.appium.android.bootstrap.Bootstrap -e pkg com.freerange360.mpp.businessinsider -e disableAndroidWatchers false
2016-04-22 09:42:25:757 - info: [debug] [UIAUTOMATOR STDOUT] WARNING: linker:
2016-04-22 09:42:25:758 - info: [debug] [UIAUTOMATOR STDOUT] libdvm.so has text relocations. This is wasting memory and is a security risk. Please fix.
2016-04-22 09:42:25:915 - info: [debug] [UIAUTOMATOR STDOUT] INSTRUMENTATION_STATUS: numtests=1
2016-04-22 09:42:25:916 - info: [debug] [UIAUTOMATOR STDOUT] INSTRUMENTATION_STATUS: stream=
2016-04-22 09:42:25:917 - info: [debug] [UIAUTOMATOR STDOUT] io.appium.android.bootstrap.Bootstrap:
2016-04-22 09:42:25:917 - info: [debug] [UIAUTOMATOR STDOUT] INSTRUMENTATION_STATUS: id=UiAutomatorTestRunner
2016-04-22 09:42:25:917 - info: [debug] [UIAUTOMATOR STDOUT] INSTRUMENTATION_STATUS: test=testRunServer
2016-04-22 09:42:25:917 - info: [debug] [UIAUTOMATOR STDOUT] INSTRUMENTATION_STATUS: class=io.appium.android.bootstrap.Bootstrap
2016-04-22 09:42:25:917 - info: [debug] [UIAUTOMATOR STDOUT] INSTRUMENTATION_STATUS: current=1
2016-04-22 09:42:25:918 - info: [debug] [UIAUTOMATOR STDOUT] INSTRUMENTATION_STATUS_CODE: 1
2016-04-22 09:42:25:921 - info: [debug] [BOOTSTRAP] [debug] Socket opened on port 4724
2016-04-22 09:42:25:924 - info: [debug] [BOOTSTRAP] [debug] Appium Socket Server Ready
2016-04-22 09:42:25:924 - info: [debug] [BOOTSTRAP] [debug] Loading json...
2016-04-22 09:42:25:925 - info: [debug] Waking up device if it's not alive
2016-04-22 09:42:25:926 - info: [debug] Pushing command to appium work queue: ["wake",{}]
2016-04-22 09:42:25:930 - info: [debug] [BOOTSTRAP] [debug] json loading complete.
2016-04-22 09:42:25:933 - info: [debug] [BOOTSTRAP] [debug] Registered crash watchers.
2016-04-22 09:42:25:934 - info: [debug] [BOOTSTRAP] [debug] Client connected
2016-04-22 09:42:25:935 - info: [debug] [BOOTSTRAP] [debug] Got data from client: {"cmd":"action","action":"wake","params":{}}
2016-04-22 09:42:25:935 - info: [debug] [BOOTSTRAP] [debug] Got command of type ACTION
2016-04-22 09:42:25:936 - info: [debug] [BOOTSTRAP] [debug] Got command action: wake
2016-04-22 09:42:25:937 - info: [debug] [BOOTSTRAP] [debug] Returning result: {"value":true,"status":0}
2016-04-22 09:42:25:939 - info: [debug] executing cmd: /Users/rpalacios/Library/Android/sdk/platform-tools/adb -s emulator-5554 shell "dumpsys window"
2016-04-22 09:42:25:997 - info: Unlocking screen
2016-04-22 09:42:25:997 - info: [debug] Screen is locked, trying to unlock
2016-04-22 09:42:25:998 - info: [debug] Getting device API level
2016-04-22 09:42:25:999 - info: [debug] executing cmd: /Users/rpalacios/Library/Android/sdk/platform-tools/adb -s emulator-5554 shell "getprop ro.build.version.sdk"
2016-04-22 09:42:26:028 - info: [debug] Device is at API Level 19
2016-04-22 09:42:26:028 - info: [debug] executing cmd: /Users/rpalacios/Library/Android/sdk/platform-tools/adb -s emulator-5554 shell "am start -S -a android.intent.action.MAIN -c android.intent.category.LAUNCHER -f 0x10200000 -n io.appium.unlock/.Unlock"
2016-04-22 09:42:26:987 - info: [debug] executing cmd: /Users/rpalacios/Library/Android/sdk/platform-tools/adb -s emulator-5554 shell "dumpsys window"
2016-04-22 09:42:27:180 - info: [debug] Screen is unlocked, continuing
2016-04-22 09:42:27:180 - info: [debug] Pushing command to appium work queue: ["getDataDir",{}]
2016-04-22 09:42:27:184 - info: [debug] [BOOTSTRAP] [debug] Got data from client: {"cmd":"action","action":"getDataDir","params":{}}
2016-04-22 09:42:27:185 - info: [debug] [BOOTSTRAP] [debug] Got command of type ACTION
2016-04-22 09:42:27:185 - info: [debug] [BOOTSTRAP] [debug] Got command action: getDataDir
2016-04-22 09:42:27:185 - info: [debug] [BOOTSTRAP] [debug] Returning result: {"value":"\/data","status":0}
2016-04-22 09:42:27:185 - info: [debug] dataDir set to: /data
2016-04-22 09:42:27:186 - info: [debug] Pushing command to appium work queue: ["compressedLayoutHierarchy",{"compressLayout":false}]
2016-04-22 09:42:27:190 - info: [debug] [BOOTSTRAP] [debug] Got data from client: {"cmd":"action","action":"compressedLayoutHierarchy","params":{"compressLayout":false}}
2016-04-22 09:42:27:190 - info: [debug] [BOOTSTRAP] [debug] Got command of type ACTION
2016-04-22 09:42:27:190 - info: [debug] [BOOTSTRAP] [debug] Got command action: compressedLayoutHierarchy
2016-04-22 09:42:27:198 - info: [debug] Getting device API level
2016-04-22 09:42:27:198 - info: [debug] executing cmd: /Users/rpalacios/Library/Android/sdk/platform-tools/adb -s emulator-5554 shell "getprop ro.build.version.sdk"
2016-04-22 09:42:27:201 - info: [debug] [BOOTSTRAP] [debug] Returning result: {"value":false,"status":0}
2016-04-22 09:42:27:230 - info: [debug] Device is at API Level 19
2016-04-22 09:42:27:230 - info: [debug] executing cmd: /Users/rpalacios/Library/Android/sdk/platform-tools/adb -s emulator-5554 shell "am start -S -a android.intent.action.MAIN -c android.intent.category.LAUNCHER -f 0x10200000 -n com.freerange360.mpp.businessinsider/com.businessinsider.app.MainActivity"
2016-04-22 09:42:27:973 - info: [debug] Waiting for pkg "com.freerange360.mpp.businessinsider" and activity "com.businessinsider.app.MainActivity" to be focused
2016-04-22 09:42:27:974 - info: [debug] Getting focused package and activity
2016-04-22 09:42:27:974 - info: [debug] executing cmd: /Users/rpalacios/Library/Android/sdk/platform-tools/adb -s emulator-5554 shell "dumpsys window windows"
2016-04-22 09:42:28:566 - info: [debug] executing cmd: /Users/rpalacios/Library/Android/sdk/platform-tools/adb -s emulator-5554 shell "getprop ro.build.version.release"
2016-04-22 09:42:28:626 - info: [debug] Device is at release version 4.4.4
2016-04-22 09:42:28:627 - info: [debug] Device launched! Ready for commands
2016-04-22 09:42:28:627 - info: [debug] Setting command timeout to the default of 7200 secs
2016-04-22 09:42:28:628 - info: [debug] Appium session started with sessionId 4f31fab7-dd2d-45f2-9ccf-f5fd5fce39f1
2016-04-22 09:42:28:631 - info: <-- POST /wd/hub/session 303 32685.189 ms - 74 
2016-04-22 09:42:28:664 - info: --> GET /wd/hub/session/4f31fab7-dd2d-45f2-9ccf-f5fd5fce39f1 {}
2016-04-22 09:42:28:666 - info: [debug] Responding to client with success: {"status":0,"value":{"platform":"LINUX","browserName":"Android","platformVersion":"4.4.4","webStorageEnabled":false,"takesScreenshot":true,"javascriptEnabled":true,"databaseEnabled":false,"networkConnectionEnabled":true,"locationContextEnabled":false,"warnings":{},"desired":{"app":"/Users/rpalacios/IdeaProjects/mobile-automation/AndroidApps/DEV_BUILD_TESTING_4_MA-739.apk","appActivity":"com.businessinsider.app.MainActivity","appium-version":"1.0","platformVersion":"5.1","platformName":"Android","deviceName":"Android Emulator","avd":"Nexus_S_API_19"},"app":"/Users/rpalacios/IdeaProjects/mobile-automation/AndroidApps/DEV_BUILD_TESTING_4_MA-739.apk","appActivity":"com.businessinsider.app.MainActivity","appium-version":"1.0","platformName":"Android","deviceName":"emulator-5554","avd":"Nexus_S_API_19"},"sessionId":"4f31fab7-dd2d-45f2-9ccf-f5fd5fce39f1"}
2016-04-22 09:42:28:667 - info: <-- GET /wd/hub/session/4f31fab7-dd2d-45f2-9ccf-f5fd5fce39f1 200 3.206 ms - 860 {"status":0,"value":{"platform":"LINUX","browserName":"Android","platformVersion":"4.4.4","webStorageEnabled":false,"takesScreenshot":true,"javascriptEnabled":true,"databaseEnabled":false,"networkConnectionEnabled":true,"locationContextEnabled":false,"warnings":{},"desired":{"app":"/Users/rpalacios/IdeaProjects/mobile-automation/AndroidApps/DEV_BUILD_TESTING_4_MA-739.apk","appActivity":"com.businessinsider.app.MainActivity","appium-version":"1.0","platformVersion":"5.1","platformName":"Android","deviceName":"Android Emulator","avd":"Nexus_S_API_19"},"app":"/Users/rpalacios/IdeaProjects/mobile-automation/AndroidApps/DEV_BUILD_TESTING_4_MA-739.apk","appActivity":"com.businessinsider.app.MainActivity","appium-version":"1.0","platformName":"Android","deviceName":"emulator-5554","avd":"Nexus_S_API_19"},"sessionId":"4f31fab7-dd2d-45f2-9ccf-f5fd5fce39f1"}
2016-04-22 09:42:28:706 - info: --> POST /wd/hub/session/4f31fab7-dd2d-45f2-9ccf-f5fd5fce39f1/timeouts {"type":"implicit","ms":8000000}
2016-04-22 09:42:28:710 - info: [debug] Set Android implicit wait to 8000000ms
2016-04-22 09:42:28:711 - info: [debug] Responding to client with success: {"status":0,"value":null,"sessionId":"4f31fab7-dd2d-45f2-9ccf-f5fd5fce39f1"}
2016-04-22 09:42:28:714 - info: <-- POST /wd/hub/session/4f31fab7-dd2d-45f2-9ccf-f5fd5fce39f1/timeouts 200 5.814 ms - 76 {"status":0,"value":null,"sessionId":"4f31fab7-dd2d-45f2-9ccf-f5fd5fce39f1"}
2016-04-22 09:42:33:996 - info: --> POST /wd/hub/session/4f31fab7-dd2d-45f2-9ccf-f5fd5fce39f1/timeouts {"type":"implicit","ms":0}
2016-04-22 09:42:33:997 - info: [debug] Set Android implicit wait to 0ms
2016-04-22 09:42:33:998 - info: [debug] Responding to client with success: {"status":0,"value":null,"sessionId":"4f31fab7-dd2d-45f2-9ccf-f5fd5fce39f1"}
2016-04-22 09:42:33:998 - info: <-- POST /wd/hub/session/4f31fab7-dd2d-45f2-9ccf-f5fd5fce39f1/timeouts 200 1.918 ms - 76 {"status":0,"value":null,"sessionId":"4f31fab7-dd2d-45f2-9ccf-f5fd5fce39f1"}
2016-04-22 09:42:34:012 - info: --> GET /wd/hub/session/4f31fab7-dd2d-45f2-9ccf-f5fd5fce39f1/context {}
2016-04-22 09:42:34:014 - info: [debug] Responding to client with success: {"status":0,"value":"NATIVE_APP","sessionId":"4f31fab7-dd2d-45f2-9ccf-f5fd5fce39f1"}
2016-04-22 09:42:34:017 - info: <-- GET /wd/hub/session/4f31fab7-dd2d-45f2-9ccf-f5fd5fce39f1/context 200 4.797 ms - 84 {"status":0,"value":"NATIVE_APP","sessionId":"4f31fab7-dd2d-45f2-9ccf-f5fd5fce39f1"}
2016-04-22 09:42:34:032 - info: --> POST /wd/hub/session/4f31fab7-dd2d-45f2-9ccf-f5fd5fce39f1/elements {"using":"id","value":"android:id/up"}
2016-04-22 09:42:34:034 - info: [debug] Waiting up to 0ms for condition
2016-04-22 09:42:34:035 - info: [debug] Pushing command to appium work queue: ["find",{"strategy":"id","selector":"android:id/up","context":"","multiple":true}]
2016-04-22 09:42:34:039 - info: [debug] [BOOTSTRAP] [debug] Got data from client: {"cmd":"action","action":"find","params":{"strategy":"id","selector":"android:id/up","context":"","multiple":true}}
2016-04-22 09:42:34:039 - info: [debug] [BOOTSTRAP] [debug] Got command of type ACTION
2016-04-22 09:42:34:039 - info: [debug] [BOOTSTRAP] [debug] Got command action: find
2016-04-22 09:42:34:039 - info: [debug] [BOOTSTRAP] [debug] Finding android:id/up using ID with the contextId:  multiple: true
2016-04-22 09:42:34:040 - info: [debug] [BOOTSTRAP] [debug] Using: UiSelector[RESOURCE_ID=android:id/up]
2016-04-22 09:42:34:040 - info: [debug] [BOOTSTRAP] [debug] getElements selector:UiSelector[RESOURCE_ID=android:id/up]
2016-04-22 09:42:34:040 - info: [debug] [BOOTSTRAP] [debug] Element[] is null: (0)
2016-04-22 09:42:34:040 - info: [debug] [BOOTSTRAP] [debug] getElements tmp selector:UiSelector[INSTANCE=0, RESOURCE_ID=android:id/up]
2016-04-22 09:42:34:548 - info: [debug] [BOOTSTRAP] [debug] Element[] is null: (1)
2016-04-22 09:42:34:548 - info: [debug] [BOOTSTRAP] [debug] getElements tmp selector:UiSelector[INSTANCE=1, RESOURCE_ID=android:id/up]
2016-04-22 09:42:34:554 - info: [debug] [BOOTSTRAP] [debug] Returning result: {"value":[{"ELEMENT":"1"}],"status":0}
2016-04-22 09:42:34:555 - info: [debug] Responding to client with success: {"status":0,"value":[{"ELEMENT":"1"}],"sessionId":"4f31fab7-dd2d-45f2-9ccf-f5fd5fce39f1"}
2016-04-22 09:42:34:556 - info: <-- POST /wd/hub/session/4f31fab7-dd2d-45f2-9ccf-f5fd5fce39f1/elements 200 525.346 ms - 89 {"status":0,"value":[{"ELEMENT":"1"}],"sessionId":"4f31fab7-dd2d-45f2-9ccf-f5fd5fce39f1"}
2016-04-22 09:42:34:567 - info: --> POST /wd/hub/session/4f31fab7-dd2d-45f2-9ccf-f5fd5fce39f1/timeouts {"type":"implicit","ms":1000}
2016-04-22 09:42:34:567 - info: [debug] Set Android implicit wait to 1000ms
2016-04-22 09:42:34:568 - info: [debug] Responding to client with success: {"status":0,"value":null,"sessionId":"4f31fab7-dd2d-45f2-9ccf-f5fd5fce39f1"}
2016-04-22 09:42:34:568 - info: <-- POST /wd/hub/session/4f31fab7-dd2d-45f2-9ccf-f5fd5fce39f1/timeouts 200 1.297 ms - 76 {"status":0,"value":null,"sessionId":"4f31fab7-dd2d-45f2-9ccf-f5fd5fce39f1"}
2016-04-22 09:42:34:576 - info: --> POST /wd/hub/session/4f31fab7-dd2d-45f2-9ccf-f5fd5fce39f1/element/1/click {"id":"1"}
2016-04-22 09:42:34:576 - info: [debug] Pushing command to appium work queue: ["element:click",{"elementId":"1"}]
2016-04-22 09:42:34:579 - info: [debug] [BOOTSTRAP] [debug] Got data from client: {"cmd":"action","action":"element:click","params":{"elementId":"1"}}
2016-04-22 09:42:34:580 - info: [debug] [BOOTSTRAP] [debug] Got command of type ACTION
2016-04-22 09:42:34:580 - info: [debug] [BOOTSTRAP] [debug] Got command action: click
2016-04-22 09:42:34:968 - info: [debug] [BOOTSTRAP] [debug] Returning result: {"value":true,"status":0}
2016-04-22 09:42:34:968 - info: [debug] Responding to client with success: {"status":0,"value":true,"sessionId":"4f31fab7-dd2d-45f2-9ccf-f5fd5fce39f1"}
2016-04-22 09:42:34:969 - info: <-- POST /wd/hub/session/4f31fab7-dd2d-45f2-9ccf-f5fd5fce39f1/element/1/click 200 393.277 ms - 76 {"status":0,"value":true,"sessionId":"4f31fab7-dd2d-45f2-9ccf-f5fd5fce39f1"}
2016-04-22 09:42:34:976 - info: --> POST /wd/hub/session/4f31fab7-dd2d-45f2-9ccf-f5fd5fce39f1/element {"using":"id","value":"com.freerange360.mpp.businessinsider:id/menuDrawer"}
2016-04-22 09:42:34:977 - info: [debug] Waiting up to 1000ms for condition
2016-04-22 09:42:34:977 - info: [debug] Pushing command to appium work queue: ["find",{"strategy":"id","selector":"com.freerange360.mpp.businessinsider:id/menuDrawer","context":"","multiple":false}]
2016-04-22 09:42:34:990 - info: [debug] [BOOTSTRAP] [debug] Got data from client: {"cmd":"action","action":"find","params":{"strategy":"id","selector":"com.freerange360.mpp.businessinsider:id/menuDrawer","context":"","multiple":false}}
2016-04-22 09:42:34:990 - info: [debug] [BOOTSTRAP] [debug] Got command of type ACTION
2016-04-22 09:42:34:991 - info: [debug] [BOOTSTRAP] [debug] Got command action: find
2016-04-22 09:42:34:991 - info: [debug] [BOOTSTRAP] [debug] Finding com.freerange360.mpp.businessinsider:id/menuDrawer using ID with the contextId:  multiple: false
2016-04-22 09:42:34:991 - info: [debug] [BOOTSTRAP] [debug] Using: UiSelector[INSTANCE=0, RESOURCE_ID=com.freerange360.mpp.businessinsider:id/menuDrawer]
2016-04-22 09:42:36:210 - info: [debug] [BOOTSTRAP] [debug] Returning result: {"value":{"ELEMENT":"2"},"status":0}
2016-04-22 09:42:36:214 - info: [debug] Responding to client with success: {"status":0,"value":{"ELEMENT":"2"},"sessionId":"4f31fab7-dd2d-45f2-9ccf-f5fd5fce39f1"}
2016-04-22 09:42:36:216 - info: <-- POST /wd/hub/session/4f31fab7-dd2d-45f2-9ccf-f5fd5fce39f1/element 200 1239.425 ms - 87 {"status":0,"value":{"ELEMENT":"2"},"sessionId":"4f31fab7-dd2d-45f2-9ccf-f5fd5fce39f1"}
2016-04-22 09:42:36:223 - info: --> GET /wd/hub/session/4f31fab7-dd2d-45f2-9ccf-f5fd5fce39f1/window/current/size {}
2016-04-22 09:42:36:224 - info: [debug] Pushing command to appium work queue: ["getDeviceSize"]
2016-04-22 09:42:36:228 - info: [debug] [BOOTSTRAP] [debug] Got data from client: {"cmd":"action","action":"getDeviceSize","params":{}}
2016-04-22 09:42:36:229 - info: [debug] [BOOTSTRAP] [debug] Got command of type ACTION
2016-04-22 09:42:36:229 - info: [debug] [BOOTSTRAP] [debug] Got command action: getDeviceSize
2016-04-22 09:42:36:229 - info: [debug] Responding to client with success: {"status":0,"value":{"width":480,"height":800},"sessionId":"4f31fab7-dd2d-45f2-9ccf-f5fd5fce39f1"}
2016-04-22 09:42:36:230 - info: <-- GET /wd/hub/session/4f31fab7-dd2d-45f2-9ccf-f5fd5fce39f1/window/current/size 200 6.783 ms - 98 {"status":0,"value":{"width":480,"height":800},"sessionId":"4f31fab7-dd2d-45f2-9ccf-f5fd5fce39f1"}
2016-04-22 09:42:36:231 - info: [debug] [BOOTSTRAP] [debug] Returning result: {"value":{"width":480,"height":800},"status":0}
2016-04-22 09:42:36:240 - info: --> POST /wd/hub/session/4f31fab7-dd2d-45f2-9ccf-f5fd5fce39f1/timeouts {"type":"implicit","ms":0}
2016-04-22 09:42:36:241 - info: [debug] Set Android implicit wait to 0ms
2016-04-22 09:42:36:242 - info: [debug] Responding to client with success: {"status":0,"value":null,"sessionId":"4f31fab7-dd2d-45f2-9ccf-f5fd5fce39f1"}
2016-04-22 09:42:36:243 - info: <-- POST /wd/hub/session/4f31fab7-dd2d-45f2-9ccf-f5fd5fce39f1/timeouts 200 3.104 ms - 76 {"status":0,"value":null,"sessionId":"4f31fab7-dd2d-45f2-9ccf-f5fd5fce39f1"}
2016-04-22 09:42:36:249 - info: --> GET /wd/hub/session/4f31fab7-dd2d-45f2-9ccf-f5fd5fce39f1/context {}
2016-04-22 09:42:36:250 - info: [debug] Responding to client with success: {"status":0,"value":"NATIVE_APP","sessionId":"4f31fab7-dd2d-45f2-9ccf-f5fd5fce39f1"}
2016-04-22 09:42:36:252 - info: <-- GET /wd/hub/session/4f31fab7-dd2d-45f2-9ccf-f5fd5fce39f1/context 200 3.747 ms - 84 {"status":0,"value":"NATIVE_APP","sessionId":"4f31fab7-dd2d-45f2-9ccf-f5fd5fce39f1"}
2016-04-22 09:42:36:258 - info: --> POST /wd/hub/session/4f31fab7-dd2d-45f2-9ccf-f5fd5fce39f1/elements {"using":"name","value":"Wealth Advisor"}
2016-04-22 09:42:36:261 - warn: [DEPRECATED] The name locator strategy has been deprecated and will be removed.  Please use the accessibility id locator strategy instead.
2016-04-22 09:42:36:261 - info: [debug] Waiting up to 0ms for condition
2016-04-22 09:42:36:262 - info: [debug] Pushing command to appium work queue: ["find",{"strategy":"name","selector":"Wealth Advisor","context":"","multiple":true}]
2016-04-22 09:42:36:278 - info: [debug] [BOOTSTRAP] [debug] Got data from client: {"cmd":"action","action":"find","params":{"strategy":"name","selector":"Wealth Advisor","context":"","multiple":true}}
2016-04-22 09:42:36:278 - info: [debug] [BOOTSTRAP] [debug] Got command of type ACTION
2016-04-22 09:42:36:278 - info: [debug] [BOOTSTRAP] [debug] Got command action: find
2016-04-22 09:42:36:279 - info: [debug] [BOOTSTRAP] [debug] Finding Wealth Advisor using NAME with the contextId:  multiple: true
2016-04-22 09:42:36:310 - info: [debug] [BOOTSTRAP] [debug] Using: UiSelector[DESCRIPTION=Wealth Advisor]
2016-04-22 09:42:36:310 - info: [debug] [BOOTSTRAP] [debug] getElements selector:UiSelector[DESCRIPTION=Wealth Advisor]
2016-04-22 09:42:36:310 - info: [debug] [BOOTSTRAP] [debug] Element[] is null: (0)
2016-04-22 09:42:36:310 - info: [debug] [BOOTSTRAP] [debug] getElements tmp selector:UiSelector[DESCRIPTION=Wealth Advisor, INSTANCE=0]
2016-04-22 09:42:36:718 - info: [debug] [BOOTSTRAP] [debug] Using: UiSelector[TEXT=Wealth Advisor]
2016-04-22 09:42:36:719 - info: [debug] [BOOTSTRAP] [debug] getElements selector:UiSelector[TEXT=Wealth Advisor]
2016-04-22 09:42:36:719 - info: [debug] [BOOTSTRAP] [debug] Element[] is null: (0)
2016-04-22 09:42:36:719 - info: [debug] [BOOTSTRAP] [debug] getElements tmp selector:UiSelector[TEXT=Wealth Advisor, INSTANCE=0]
2016-04-22 09:42:36:728 - info: [debug] [BOOTSTRAP] [debug] Element[] is null: (1)
2016-04-22 09:42:36:728 - info: [debug] [BOOTSTRAP] [debug] getElements tmp selector:UiSelector[TEXT=Wealth Advisor, INSTANCE=1]
2016-04-22 09:42:36:735 - info: [debug] Responding to client with success: {"status":0,"value":[{"ELEMENT":"3"}],"sessionId":"4f31fab7-dd2d-45f2-9ccf-f5fd5fce39f1"}
2016-04-22 09:42:36:735 - info: <-- POST /wd/hub/session/4f31fab7-dd2d-45f2-9ccf-f5fd5fce39f1/elements 200 476.936 ms - 89 {"status":0,"value":[{"ELEMENT":"3"}],"sessionId":"4f31fab7-dd2d-45f2-9ccf-f5fd5fce39f1"}
2016-04-22 09:42:36:737 - info: [debug] [BOOTSTRAP] [debug] Returning result: {"value":[{"ELEMENT":"3"}],"status":0}
2016-04-22 09:42:36:739 - info: --> POST /wd/hub/session/4f31fab7-dd2d-45f2-9ccf-f5fd5fce39f1/timeouts {"type":"implicit","ms":1000}
2016-04-22 09:42:36:740 - info: [debug] Set Android implicit wait to 1000ms
2016-04-22 09:42:36:740 - info: [debug] Responding to client with success: {"status":0,"value":null,"sessionId":"4f31fab7-dd2d-45f2-9ccf-f5fd5fce39f1"}
2016-04-22 09:42:36:741 - info: <-- POST /wd/hub/session/4f31fab7-dd2d-45f2-9ccf-f5fd5fce39f1/timeouts 200 1.261 ms - 76 {"status":0,"value":null,"sessionId":"4f31fab7-dd2d-45f2-9ccf-f5fd5fce39f1"}
2016-04-22 09:42:36:745 - info: --> GET /wd/hub/session/4f31fab7-dd2d-45f2-9ccf-f5fd5fce39f1/element/3/location {}
2016-04-22 09:42:36:746 - warn: location will be removed in a future version of Appium, please use location_in_view
2016-04-22 09:42:36:747 - info: [debug] Pushing command to appium work queue: ["element:getLocation",{"elementId":"3"}]
2016-04-22 09:42:36:761 - info: [debug] [BOOTSTRAP] [debug] Got data from client: {"cmd":"action","action":"element:getLocation","params":{"elementId":"3"}}
2016-04-22 09:42:36:761 - info: [debug] [BOOTSTRAP] [debug] Got command of type ACTION
2016-04-22 09:42:36:761 - info: [debug] [BOOTSTRAP] [debug] Got command action: getLocation
2016-04-22 09:42:36:781 - info: [debug] [BOOTSTRAP] [debug] Returning result: {"value":{"y":744,"x":74},"status":0}
2016-04-22 09:42:36:782 - info: [debug] Responding to client with success: {"status":0,"value":{"y":744,"x":74},"sessionId":"4f31fab7-dd2d-45f2-9ccf-f5fd5fce39f1"}
2016-04-22 09:42:36:784 - info: <-- GET /wd/hub/session/4f31fab7-dd2d-45f2-9ccf-f5fd5fce39f1/element/3/location 200 38.613 ms - 88 {"status":0,"value":{"y":744,"x":74},"sessionId":"4f31fab7-dd2d-45f2-9ccf-f5fd5fce39f1"}
